android/app/build/intermediates/manifest_merge_blame_file/release/manifest-merger-blame-release-report.txt
1<?xml version="1.0" encoding="utf-8"?>
2<manifest xmlns:android="http://schemas.android.com/apk/res/android"
3    package="com.awesomeproject"
4    android:versionCode="1"
5    android:versionName="1.0" >
6
7    <uses-sdk
8        android:minSdkVersion="21"
8-->src/main/AndroidManifest.xml
9        android:targetSdkVersion="29" />
9-->src/main/AndroidManifest.xml
10
11    <uses-permission android:name="android.permission.INTERNET" />
11-->src/main/AndroidManifest.xml:4:5-67
11-->src/main/AndroidManifest.xml:4:22-64
12    <uses-permission android:name="android.permission.USE_BIOMETRIC" />
12-->[:react-native-sensitive-info] AndroidManifest.xml:11:5-72
12-->[:react-native-sensitive-info] AndroidManifest.xml:11:22-69
13    <uses-permission android:name="android.permission.USE_FINGERPRINT" />
13-->[:react-native-sensitive-info] AndroidManifest.xml:12:5-74
13-->[:react-native-sensitive-info] AndroidManifest.xml:12:22-71
14
15    <application
15-->src/main/AndroidManifest.xml:6:5-24:19
16        android:name="com.awesomeproject.MainApplication"
16-->src/main/AndroidManifest.xml:7:7-38
17        android:allowBackup="false"
17-->src/main/AndroidManifest.xml:11:7-34
18        android:appComponentFactory="androidx.core.app.CoreComponentFactory"
18-->[androidx.core:core:1.1.0] AndroidManifest.xml:24:18-86
19        android:icon="@mipmap/ic_launcher"
19-->src/main/AndroidManifest.xml:9:7-41
20        android:label="@string/app_name"
20-->src/main/AndroidManifest.xml:8:7-39
21        android:roundIcon="@mipmap/ic_launcher_round"
21-->src/main/AndroidManifest.xml:10:7-52
22        android:theme="@style/AppTheme" >
22-->src/main/AndroidManifest.xml:12:7-38
23        <activity
23-->src/main/AndroidManifest.xml:13:7-23:18
24            android:name="com.awesomeproject.MainActivity"
24-->src/main/AndroidManifest.xml:14:9-37
25            android:configChanges="keyboard|keyboardHidden|orientation|screenSize|uiMode"
25-->src/main/AndroidManifest.xml:16:9-86
26            android:label="@string/app_name"
26-->src/main/AndroidManifest.xml:15:9-41
27            android:launchMode="singleTask"
27-->src/main/AndroidManifest.xml:17:9-40
28            android:windowSoftInputMode="adjustResize" >
28-->src/main/AndroidManifest.xml:18:9-51
29            <intent-filter>
29-->src/main/AndroidManifest.xml:19:9-22:25
30                <action android:name="android.intent.action.MAIN" />
30-->src/main/AndroidManifest.xml:20:13-65
30-->src/main/AndroidManifest.xml:20:21-62
31
32                <category android:name="android.intent.category.LAUNCHER" />
32-->src/main/AndroidManifest.xml:21:13-73
32-->src/main/AndroidManifest.xml:21:23-70
33            </intent-filter>
34        </activity>
35        <activity
35-->[androidx.biometric:biometric:1.0.1] AndroidManifest.xml:28:9-31:67
36            android:name="androidx.biometric.DeviceCredentialHandlerActivity"
36-->[androidx.biometric:biometric:1.0.1] AndroidManifest.xml:29:13-78
37            android:exported="true"
37-->[androidx.biometric:biometric:1.0.1] AndroidManifest.xml:30:13-36
38            android:theme="@style/DeviceCredentialHandlerTheme" />
38-->[androidx.biometric:biometric:1.0.1] AndroidManifest.xml:31:13-64
39    </application>
40
41</manifest>